This is pdfTeX, Version 3.14159265-2.6-1.40.18 (TeX Live 2017/Debian) (preloaded format=pdflatex 2019.8.8)  11 OCT 2019 16:06
entering extended mode
 restricted \write18 enabled.
 %&-line parsing enabled.
**NewPrairieModel.tex
(./NewPrairieModel.tex
LaTeX2e <2017-04-15>
Babel <3.18> and hyphenation patterns for 9 language(s) loaded.
(./agujournal2018.cls
Document Class: agujournal2018 08/23/2018
(/usr/share/texlive/texmf-dist/tex/latex/graphics/graphicx.sty
Package: graphicx 2017/06/01 v1.1a Enhanced LaTeX Graphics (DPC,SPQR)
(/usr/share/texlive/texmf-dist/tex/latex/graphics/keyval.sty
Package: keyval 2014/10/28 v1.15 key=value parser (DPC)
\KV@toks@=\toks14
) (/usr/share/texlive/texmf-dist/tex/latex/graphics/graphics.sty
Package: graphics 2017/06/25 v1.2c Standard LaTeX Graphics (DPC,SPQR)
(/usr/share/texlive/texmf-dist/tex/latex/graphics/trig.sty
Package: trig 2016/01/03 v1.10 sin cos tan (DPC)
) (/usr/share/texlive/texmf-dist/tex/latex/graphics-cfg/graphics.cfg
File: graphics.cfg 2016/06/04 v1.11 sample graphics configuration
)
Package graphics Info: Driver file: pdftex.def on input line 99.
(/usr/share/texlive/texmf-dist/tex/latex/graphics-def/pdftex.def
File: pdftex.def 2018/01/08 v1.0l Graphics/color driver for pdftex
))
\Gin@req@height=\dimen102
\Gin@req@width=\dimen103
) (/usr/share/texlive/texmf-dist/tex/latex/xcolor/xcolor.sty
Package: xcolor 2016/05/11 v2.12 LaTeX color extensions (UK)
(/usr/share/texlive/texmf-dist/tex/latex/graphics-cfg/color.cfg
File: color.cfg 2016/01/02 v1.6 sample color configuration
)
Package xcolor Info: Driver file: pdftex.def on input line 225.
Package xcolor Info: Model `cmy' substituted by `cmy0' on input line 1348.
Package xcolor Info: Model `hsb' substituted by `rgb' on input line 1352.
Package xcolor Info: Model `RGB' extended on input line 1364.
Package xcolor Info: Model `HTML' substituted by `rgb' on input line 1366.
Package xcolor Info: Model `Hsb' substituted by `hsb' on input line 1367.
Package xcolor Info: Model `tHsb' substituted by `hsb' on input line 1368.
Package xcolor Info: Model `HSB' substituted by `hsb' on input line 1369.
Package xcolor Info: Model `Gray' substituted by `gray' on input line 1370.
Package xcolor Info: Model `wave' substituted by `hsb' on input line 1371.
) (/usr/share/texlive/texmf-dist/tex/latex/url/url.sty
\Urlmuskip=\muskip10
Package: url 2013/09/16  ver 3.4  Verb mode for urls, etc.
) (./trackchanges.sty
Package: trackchanges 2009/04/22 v0.7.0 TrackChanges file 
(/usr/share/texlive/texmf-dist/tex/latex/base/ifthen.sty
Package: ifthen 2014/09/29 v1.1c Standard LaTeX ifthen package (DPC)
) (/usr/share/texlive/texmf-dist/tex/latex/tools/calc.sty
Package: calc 2014/10/28 v4.3 Infix arithmetic (KKT,FJ)
\calc@Acount=\count79
\calc@Bcount=\count80
\calc@Adimen=\dimen104
\calc@Bdimen=\dimen105
\calc@Askip=\skip41
\calc@Bskip=\skip42
LaTeX Info: Redefining \setlength on input line 80.
LaTeX Info: Redefining \addtolength on input line 81.
\calc@Ccount=\count81
\calc@Cskip=\skip43
) (/usr/share/texlive/texmf-dist/tex/latex/soul/soul.sty
Package: soul 2003/11/17 v2.4 letterspacing/underlining (mf)
\SOUL@word=\toks15
\SOUL@lasttoken=\toks16
\SOUL@cmds=\toks17
\SOUL@buffer=\toks18
\SOUL@token=\toks19
\SOUL@spaceskip=\skip44
\SOUL@ttwidth=\dimen106
\SOUL@uldp=\dimen107
\SOUL@ulht=\dimen108
) (/usr/share/texlive/texmf-dist/tex/latex/morefloats/morefloats.sty
Package: morefloats 2015/07/22 v1.0h Raise limit of unprocessed floats (HMM)
(/usr/share/texlive/texmf-dist/tex/latex/oberdiek/kvoptions.sty
Package: kvoptions 2016/05/16 v3.12 Key value format for package options (HO)
(/usr/share/texlive/texmf-dist/tex/generic/oberdiek/ltxcmds.sty
Package: ltxcmds 2016/05/16 v1.23 LaTeX kernel commands for general use (HO)
) (/usr/share/texlive/texmf-dist/tex/generic/oberdiek/kvsetkeys.sty
Package: kvsetkeys 2016/05/16 v1.17 Key value parser (HO)
(/usr/share/texlive/texmf-dist/tex/generic/oberdiek/infwarerr.sty
Package: infwarerr 2016/05/16 v1.4 Providing info/warning/error messages (HO)
) (/usr/share/texlive/texmf-dist/tex/generic/oberdiek/etexcmds.sty
Package: etexcmds 2016/05/16 v1.6 Avoid name clashes with e-TeX commands (HO)
(/usr/share/texlive/texmf-dist/tex/generic/oberdiek/ifluatex.sty
Package: ifluatex 2016/05/16 v1.4 Provides the ifluatex switch (HO)
Package ifluatex Info: LuaTeX not detected.
)
Package etexcmds Info: Could not find \expanded.
(etexcmds)             That can mean that you are not using pdfTeX 1.50 or
(etexcmds)             that some package has redefined \expanded.
(etexcmds)             In the latter case, load this package earlier.
)))
Package morefloats Info: Maximum number of possible floats asked for: 36
(morefloats)             (i.e. 18 more floats).
(morefloats)             LaTeX might run out of memory before this
(morefloats)             (in which case it will notify you).
)
\c@userid=\count82
\c@changenumber=\count83
\c@storefootnote=\count84
\c@numeditors=\count85
\c@maxeditors=\count86
) (/usr/share/texlive/texmf-dist/tex/latex/lineno/lineno.sty
Package: lineno 2005/11/02 line numbers on paragraphs v4.41
\linenopenalty=\count87
\output=\toks20
\linenoprevgraf=\count88
\linenumbersep=\dimen109
\linenumberwidth=\dimen110
\c@linenumber=\count89
\c@pagewiselinenumber=\count90
\c@LN@truepage=\count91
\c@internallinenumber=\count92
\c@internallinenumbers=\count93
\quotelinenumbersep=\dimen111
\bframerule=\dimen112
\bframesep=\dimen113
\bframebox=\box26
LaTeX Info: Redefining \\ on input line 3056.
) (/usr/share/texlive/texmf-dist/tex/latex/tools/indentfirst.sty
Package: indentfirst 1995/11/23 v1.03 Indent first paragraph (DPC)
) (/usr/share/texlive/texmf-dist/tex/latex/ms/ragged2e.sty
Package: ragged2e 2009/05/21 v2.1 ragged2e Package (MS)
(/usr/share/texlive/texmf-dist/tex/latex/ms/everysel.sty
Package: everysel 2011/10/28 v1.2 EverySelectfont Package (MS)
)
\CenteringLeftskip=\skip45
\RaggedLeftLeftskip=\skip46
\RaggedRightLeftskip=\skip47
\CenteringRightskip=\skip48
\RaggedLeftRightskip=\skip49
\RaggedRightRightskip=\skip50
\CenteringParfillskip=\skip51
\RaggedLeftParfillskip=\skip52
\RaggedRightParfillskip=\skip53
\JustifyingParfillskip=\skip54
\CenteringParindent=\skip55
\RaggedLeftParindent=\skip56
\RaggedRightParindent=\skip57
\JustifyingParindent=\skip58
) (/usr/share/texlive/texmf-dist/tex/latex/graphics/rotating.sty
Package: rotating 2016/08/11 v2.16d rotated objects in LaTeX
\c@r@tfl@t=\count94
\rotFPtop=\skip59
\rotFPbot=\skip60
\rot@float@box=\box27
\rot@mess@toks=\toks21
) (/usr/share/texlive/texmf-dist/tex/generic/ulem/ulem.sty
\UL@box=\box28
\UL@hyphenbox=\box29
\UL@skip=\skip61
\UL@hook=\toks22
\UL@height=\dimen114
\UL@pe=\count95
\UL@pixel=\dimen115
\ULC@box=\box30
Package: ulem 2012/05/18
\ULdepth=\dimen116
)
\draftskip=\count96
\c@section=\count97
\c@subsection=\count98
\c@subsubsection=\count99
\c@paragraph=\count100
\c@subparagraph=\count101
\c@figure=\count102
\c@table=\count103
\abovecaptionskip=\skip62
\belowcaptionskip=\skip63
\c@appendnum=\count104
\bibindent=\dimen117
(/usr/share/texlive/texmf-dist/tex/latex/apacite/apacite.sty
Package: apacite 2013/07/21 v6.03 APA citation
\c@BibCnt=\count105
\bibleftmargin=\skip64
\bibindent=\skip65
\bibparsep=\skip66
\bibitemsep=\skip67
\biblabelsep=\skip68
) (/usr/share/texlive/texmf-dist/tex/latex/natbib/natbib.sty
Package: natbib 2010/09/13 8.31b (PWD, AO)
\bibhang=\skip69
\bibsep=\skip70
LaTeX Info: Redefining \cite on input line 694.
\c@NAT@ctr=\count106
)
LaTeX Info: Redefining \BBA on input line 1149.
) (/usr/share/texlive/texmf-dist/tex/latex/booktabs/booktabs.sty
Package: booktabs 2016/04/27 v1.618033 publication quality tables
\heavyrulewidth=\dimen118
\lightrulewidth=\dimen119
\cmidrulewidth=\dimen120
\belowrulesep=\dimen121
\belowbottomsep=\dimen122
\aboverulesep=\dimen123
\abovetopsep=\dimen124
\cmidrulesep=\dimen125
\cmidrulekern=\dimen126
\defaultaddspace=\dimen127
\@cmidla=\count107
\@cmidlb=\count108
\@aboverulesep=\dimen128
\@belowrulesep=\dimen129
\@thisruleclass=\count109
\@lastruleclass=\count110
\@thisrulewidth=\dimen130
) (/usr/share/texlive/texmf-dist/tex/latex/tools/longtable.sty
Package: longtable 2014/10/28 v4.11 Multi-page Table package (DPC)
\LTleft=\skip71
\LTright=\skip72
\LTpre=\skip73
\LTpost=\skip74
\LTchunksize=\count111
\LTcapwidth=\dimen131
\LT@head=\box31
\LT@firsthead=\box32
\LT@foot=\box33
\LT@lastfoot=\box34
\LT@cols=\count112
\LT@rows=\count113
\c@LT@tables=\count114
\c@LT@chunks=\count115
\LT@p@ftn=\toks23
) (/usr/share/texlive/texmf-dist/tex/latex/tools/array.sty
Package: array 2016/10/06 v2.4d Tabular extension package (FMi)
\col@sep=\dimen132
\extrarowheight=\dimen133
\NC@list=\toks24
\extratabsurround=\skip75
\backup@length=\skip76
) (/usr/share/texlive/texmf-dist/tex/latex/multirow/multirow.sty
Package: multirow 2016/11/25 v2.2 Span multiple rows of a table
\multirow@colwidth=\skip77
\multirow@cntb=\count116
\multirow@dima=\skip78
\bigstrutjot=\dimen134
) (/usr/share/texlive/texmf-dist/tex/latex/wrapfig/wrapfig.sty
\wrapoverhang=\dimen135
\WF@size=\dimen136
\c@WF@wrappedlines=\count117
\WF@box=\box35
\WF@everypar=\toks25
Package: wrapfig 2003/01/31  v 3.6
) (/usr/share/texlive/texmf-dist/tex/latex/float/float.sty
Package: float 2001/11/08 v1.3d Float enhancements (AL)
\c@float@type=\count118
\float@exts=\toks26
\float@box=\box36
\@float@everytoks=\toks27
\@floatcapt=\box37
) (/usr/share/texlive/texmf-dist/tex/latex/colortbl/colortbl.sty
Package: colortbl 2012/02/13 v1.0a Color table columns (DPC)
\everycr=\toks28
\minrowclearance=\skip79
) (/usr/share/texlive/texmf-dist/tex/latex/oberdiek/pdflscape.sty
Package: pdflscape 2016/05/14 v0.11 Display of landscape pages in PDF (HO)
(/usr/share/texlive/texmf-dist/tex/latex/graphics/lscape.sty
Package: lscape 2000/10/22 v3.01 Landscape Pages (DPC)
) (/usr/share/texlive/texmf-dist/tex/generic/oberdiek/ifpdf.sty
Package: ifpdf 2017/03/15 v3.2 Provides the ifpdf switch
)
Package pdflscape Info: Auto-detected driver: pdftex on input line 81.
(/usr/share/texlive/texmf-dist/tex/generic/ifxetex/ifxetex.sty
Package: ifxetex 2010/09/12 v0.6 Provides ifxetex conditional
)) (/usr/share/texlive/texmf-dist/tex/latex/tabu/tabu.sty
Package: tabu 2011/02/26 v2.8 - flexible LaTeX tabulars (FC)
(/usr/share/texlive/texmf-dist/tex/latex/varwidth/varwidth.sty
Package: varwidth 2009/03/30 ver 0.92;  Variable-width minipages
\@vwid@box=\box38
\sift@deathcycles=\count119
\@vwid@loff=\dimen137
\@vwid@roff=\dimen138
)
\c@taburow=\count120
\tabu@nbcols=\count121
\tabu@cnt=\count122
\tabu@Xcol=\count123
\tabu@alloc=\count124
\tabu@nested=\count125
\tabu@target=\dimen139
\tabu@spreadtarget=\dimen140
\tabu@naturalX=\dimen141
\tabucolX=\dimen142
\tabu@Xsum=\dimen143
\extrarowdepth=\dimen144
\abovetabulinesep=\dimen145
\belowtabulinesep=\dimen146
\tabustrutrule=\dimen147
\tabu@thebody=\toks29
\tabu@footnotes=\toks30
\tabu@box=\box39
\tabu@arstrutbox=\box40
\tabu@hleads=\box41
\tabu@vleads=\box42
\tabu@cellskip=\skip80
) (/usr/share/texlive/texmf-dist/tex/latex/threeparttable/threeparttable.sty
Package: threeparttable 2003/06/13  v 3.0
\@tempboxb=\box43
) (/usr/share/texlive/texmf-dist/tex/latex/threeparttablex/threeparttablex.sty
Package: threeparttablex 2013/07/23 v0.3 by daleif
(/usr/share/texlive/texmf-dist/tex/latex/environ/environ.sty
Package: environ 2014/05/04 v0.3 A new way to define environments
(/usr/share/texlive/texmf-dist/tex/latex/trimspaces/trimspaces.sty
Package: trimspaces 2009/09/17 v1.1 Trim spaces around a token list
)
\@envbody=\toks31
)
\TPTL@width=\skip81
) (/usr/share/texlive/texmf-dist/tex/latex/makecell/makecell.sty
Package: makecell 2009/08/03 V0.1e Managing of Tab Column Heads and Cells
\rotheadsize=\dimen148
\c@nlinenum=\count126
\TeXr@lab=\toks32
) (/usr/share/texlive/texmf-dist/tex/generic/oberdiek/soulutf8.sty
Package: soulutf8 2016/05/16 v1.1 Permit use of UTF-8 characters in soul (HO)
) (./NewPrairieModel.aux)
\openout1 = `NewPrairieModel.aux'.

LaTeX Font Info:    Checking defaults for OML/cmm/m/it on input line 84.
LaTeX Font Info:    ... okay on input line 84.
LaTeX Font Info:    Checking defaults for T1/cmr/m/n on input line 84.
LaTeX Font Info:    ... okay on input line 84.
LaTeX Font Info:    Checking defaults for OT1/cmr/m/n on input line 84.
LaTeX Font Info:    ... okay on input line 84.
LaTeX Font Info:    Checking defaults for OMS/cmsy/m/n on input line 84.
LaTeX Font Info:    ... okay on input line 84.
LaTeX Font Info:    Checking defaults for OMX/cmex/m/n on input line 84.
LaTeX Font Info:    ... okay on input line 84.
LaTeX Font Info:    Checking defaults for U/cmr/m/n on input line 84.
LaTeX Font Info:    ... okay on input line 84.
(/usr/share/texlive/texmf-dist/tex/context/base/mkii/supp-pdf.mkii
[Loading MPS to PDF converter (version 2006.09.02).]
\scratchcounter=\count127
\scratchdimen=\dimen149
\scratchbox=\box44
\nofMPsegments=\count128
\nofMParguments=\count129
\everyMPshowfont=\toks33
\MPscratchCnt=\count130
\MPscratchDim=\dimen150
\MPnumerator=\count131
\makeMPintoPDFobject=\count132
\everyMPtoPDFconversion=\toks34
) (/usr/share/texlive/texmf-dist/tex/latex/oberdiek/epstopdf-base.sty
Package: epstopdf-base 2016/05/15 v2.6 Base part for package epstopdf
(/usr/share/texlive/texmf-dist/tex/latex/oberdiek/grfext.sty
Package: grfext 2016/05/16 v1.2 Manage graphics extensions (HO)
(/usr/share/texlive/texmf-dist/tex/generic/oberdiek/kvdefinekeys.sty
Package: kvdefinekeys 2016/05/16 v1.4 Define keys (HO)
)) (/usr/share/texlive/texmf-dist/tex/generic/oberdiek/pdftexcmds.sty
Package: pdftexcmds 2018/01/21 v0.26 Utility functions of pdfTeX for LuaTeX (HO
)
Package pdftexcmds Info: LuaTeX not detected.
Package pdftexcmds Info: \pdf@primitive is available.
Package pdftexcmds Info: \pdf@ifprimitive is available.
Package pdftexcmds Info: \pdfdraftmode found.
)
Package epstopdf-base Info: Redefining graphics rule for `.eps' on input line 4
38.
Package grfext Info: Graphics extension search list:
(grfext)             [.pdf,.png,.jpg,.mps,.jpeg,.jbig2,.jb2,.PDF,.PNG,.JPG,.JPE
G,.JBIG2,.JB2,.eps]
(grfext)             \AppendGraphicsExtensions on input line 456.
(/usr/share/texlive/texmf-dist/tex/latex/latexconfig/epstopdf-sys.cfg
File: epstopdf-sys.cfg 2010/07/13 v1.3 Configuration of (r)epstopdf for TeX Liv
e
))

Package trackchanges Warning: TrackChanges is not compatable with the 
(trackchanges)                'ulem' package.
(trackchanges)                Use the 'soul' package instead.

ABD: EverySelectfont initializing macros
LaTeX Info: Redefining \selectfont on input line 84.
\c@maskedRefs=\count133
(/usr/share/texlive/texmf-dist/tex/latex/apacite/english.apc
File: english.apc 2013/07/21 v6.03 apacite language file
LaTeX Info: Redefining \BPBI on input line 129.
LaTeX Info: Redefining \BHBI on input line 130.
)
LaTeX Font Info:    External font `cmex10' loaded for size
(Font)              <7> on input line 129.
LaTeX Font Info:    External font `cmex10' loaded for size
(Font)              <5> on input line 129.
LaTeX Font Info:    Try loading font information for OMS+cmr on input line 129.

(/usr/share/texlive/texmf-dist/tex/latex/base/omscmr.fd
File: omscmr.fd 2014/09/29 v2.5h Standard LaTeX font definitions
)
LaTeX Font Info:    Font shape `OMS/cmr/m/n' in size <7> not available
(Font)              Font shape `OMS/cmsy/m/n' tried instead on input line 129.
LaTeX Font Info:    External font `cmex10' loaded for size
(Font)              <8> on input line 129.
LaTeX Font Info:    External font `cmex10' loaded for size
(Font)              <6> on input line 129.
LaTeX Font Info:    Font shape `OMS/cmr/m/n' in size <6> not available
(Font)              Font shape `OMS/cmsy/m/n' tried instead on input line 129.
[1{/var/lib/texmf/fonts/map/pdftex/updmap/pdftex.map}]

LaTeX Font Warning: Font shape `OT1/cmr/m/n' in size <10.5> not available
(Font)              size <10.95> substituted on input line 187.


LaTeX Font Warning: Font shape `OT1/cmr/bx/n' in size <10.5> not available
(Font)              size <10.95> substituted on input line 187.


Overfull \hbox (3.62679pt too wide) in paragraph at lines 189--201
[]\OT1/cmr/m/n/10 It has been known for more than 60 years (Stich-ling & Black-
well, 1957) that the 
 []


Overfull \hbox (17.26567pt too wide) in paragraph at lines 189--201
\OT1/cmr/m/n/10 re-gions within Cana-dian Prairie basins which can con-tribute 
flow to their out-let are tem- 
 []


Overfull \hbox (4.37694pt too wide) in paragraph at lines 189--201
\OT1/cmr/m/n/10 po-rally and spa-tially vari-able. The cause of the vari-abil-i
ty is the un-usual hy-drog-ra-phy 
 []


Overfull \hbox (9.73784pt too wide) in paragraph at lines 189--201
\OT1/cmr/m/n/10 of the Prairies, which was formed by glacial and post-glacial p
ro-cesses. As the re-gion is 
 []


Overfull \hbox (0.21022pt too wide) in paragraph at lines 189--201
\OT1/cmr/m/n/10 semi-arid, and flat, and deglacia-tion ocurred ~10,000-12,000 y
ears B.P. (Chris-tiansen, 
 []


Overfull \hbox (13.46011pt too wide) in paragraph at lines 189--201
\OT1/cmr/m/n/10 1979), there has not been suf-fi-cient wa-ter, en-ergy, or time
 for con-ven-tional drainage net- 
 []


Overfull \hbox (14.87671pt too wide) in paragraph at lines 189--201
\OT1/cmr/m/n/10 works to form. Con-se-quently, there are few streams within the
 re-gion. The largest rivers 
 []


Overfull \hbox (8.9879pt too wide) in paragraph at lines 189--201
\OT1/cmr/m/n/10 in the re-gion (the Saskatchewan and its trib-u-taries) are sou
rced from the Rocky Moun- 
 []


Overfull \hbox (12.54335pt too wide) in paragraph at lines 202--212
[]\OT1/cmr/m/n/10 In the ab-sence of streams, much of the re-gion is dom-i-nate
d by the pres-ence of mil- 
 []


Overfull \hbox (13.07124pt too wide) in paragraph at lines 202--212
\OT1/cmr/m/n/10 lions of de-pres-sions, known lo-cally as ``sloughs'' or ``pot-
holes''. The de-pres-sions trap wa- 
 []


Overfull \hbox (22.40462pt too wide) in paragraph at lines 202--212
\OT1/cmr/m/n/10 ter from di-rect pre-cip-i-ta-tion, the trap-ping of blow-ing s
now, and can re-cieve sur-face runoff. 
 []


Overfull \hbox (9.23788pt too wide) in paragraph at lines 202--212
\OT1/cmr/m/n/10 Be-cause much of the re-gion is un-der-lain by deep de-posits o
f glacial till, which is largely 
 []


Overfull \hbox (2.46008pt too wide) in paragraph at lines 202--212
\OT1/cmr/m/n/10 im-per-me-able, there is gen-er-ally lit-tle in-ter-ac-tion be-
tween the de-pres-sions and ground- 
 []


Overfull \hbox (22.40459pt too wide) in paragraph at lines 202--212
\OT1/cmr/m/n/10 wa-ter, al-though very shal-l-low in-ter-changes can oc-cur. In
 the ab-sence of ar-ti-fi-cial drainage, 
 []


Overfull \hbox (11.5157pt too wide) in paragraph at lines 202--212
\OT1/cmr/m/n/10 most of the losses of wa-ter from the de-pres-sions are due to 
evap-or-ta-tion and evap-o-tran- 
 []


Overfull \hbox (2.34908pt too wide) in paragraph at lines 213--231
[]\OT1/cmr/m/n/10 Many at-tempts have been made to model the vari-abil-ity us-i
ng a va-ri-ety of mod- 
 []


Overfull \hbox (13.76567pt too wide) in paragraph at lines 213--231
\OT1/cmr/m/n/10 els. All of the mod-els de-vel-oped to date have had lim-i-ta-t
ions which have re-stricted their 
 []


Overfull \hbox (9.84914pt too wide) in paragraph at lines 213--231
\OT1/cmr/m/n/10 gen-eral ap-pli-ca-tion within the re-gion. The method-ol-ogy o
f (Shaw, Pietron-iro, & Martz, 
 []


Overfull \hbox (19.8212pt too wide) in paragraph at lines 213--231
\OT1/cmr/m/n/10 2012) was re-stricted to a sin-gle basin. As the re-la-tion-shi
ps con-trol-ling the con-nected frac- 
 []


Overfull \hbox (39.71027pt too wide) in paragraph at lines 213--231
\OT1/cmr/m/n/10 tion were not quan-ti-fied, it could not be ap-plied to other l
o-ca-tions. K. R. Shook and Pomeroy 
 []


Overfull \hbox (16.96028pt too wide) in paragraph at lines 213--231
\OT1/cmr/m/n/10 (2011) and K. Shook, Pomeroy, Spence, and Boy-chuk (2013) de-ve
l-oped 2 mod-els for sim- 
 []


Overfull \hbox (42.59914pt too wide) in paragraph at lines 213--231
\OT1/cmr/m/n/10 u-lat-ing the con-nected frac-tions of Prairie basins. The Wet-
land DEM Pond-ing Model (WDPM) 
 []


Overfull \hbox (20.98808pt too wide) in paragraph at lines 213--231
\OT1/cmr/m/n/10 ap-plies sim-u-lated fluxes of wa-ter (pre-cip-i-ta-tion, runof
f, evap-o-ra-tion, in-fil-tra-tion) to a digi- 
 []


Overfull \hbox (9.21025pt too wide) in paragraph at lines 213--231
\OT1/cmr/m/n/10 tial el-e-va-tion model (DEM). Us-ing the al-go-rithm of Shapir
o and West-er-velt (1992), the 
 []


Overfull \hbox (20.04353pt too wide) in paragraph at lines 213--231
\OT1/cmr/m/n/10 ap-plied wa-ter is re-dis-tributed over the DEM, pond-ing in de
-pres-sionsm, and drain-ing from 
 []


Overfull \hbox (11.93245pt too wide) in paragraph at lines 213--231
\OT1/cmr/m/n/10 the basin's out-let. Al-though the spa-tial dis-tri-bu-tions of
 wa-ter pro-duced by the pro-gram 
 []


Overfull \hbox (5.46016pt too wide) in paragraph at lines 213--231
\OT1/cmr/m/n/10 ap-peared to agree well with remotely- sensed data (Arm-strong,
 Kayter, Shook, & Hill, 
 []


Overfull \hbox (4.79349pt too wide) in paragraph at lines 213--231
\OT1/cmr/m/n/10 2013; K. Shook et al.[], 2013), the WDPM was too slow to be use
d as a com-po-nent of a 
 []


Underfull \vbox (badness 10000) has occurred while \output is active []

[2]
Overfull \hbox (2.34909pt too wide) in paragraph at lines 232--250
[]\OT1/cmr/m/n/10 K. R. Shook and Pomeroy (2011) and K. Shook et al.[] (2013) d
e-vel-oped the Pot- 
 []


Overfull \hbox (31.98795pt too wide) in paragraph at lines 232--250
\OT1/cmr/m/n/10 hole Cas-cade Model (PCM) which used dis-crete ponds, sim-i-lar
 to the model of Shaw (2009), 
 []


Overfull \hbox (12.37682pt too wide) in paragraph at lines 232--250
\OT1/cmr/m/n/10 to sim-u-late the vari-able con-nected frac-tions of Prairie ba
sins. When pa-ram-e-terised with 
 []


Overfull \hbox (6.84904pt too wide) in paragraph at lines 232--250
\OT1/cmr/m/n/10 pond sizes and dis-trib-tu-tions for a given basin, PCM pro-duc
ed very sim-i-lar connected- 
 []


Overfull \hbox (18.18245pt too wide) in paragraph at lines 232--250
\OT1/cmr/m/n/10 fractions to those es-ti-mated by the WDPM for the same lo-ca-t
ion (K. Shook et al.[], 2013). 
 []


Overfull \hbox (11.84903pt too wide) in paragraph at lines 232--250
\OT1/cmr/m/n/10 Both mod-els demon-strated very strongly hys-teretic re-la-tion
-ships be-tween the con-nected 
 []


Overfull \hbox (11.04343pt too wide) in paragraph at lines 232--250
\OT1/cmr/m/n/10 frac-tion and the de-pres-sional stor-age of a basin. The hys-t
ere-sis was demon-strated to be 
 []


Overfull \hbox (14.9323pt too wide) in paragraph at lines 232--250
\OT1/cmr/m/n/10 caused by the dis-con-nec-tion of all de-pres-sions as soon as 
sub-trac-tive fluxes were ap-plied, 
 []


Overfull \hbox (7.96014pt too wide) in paragraph at lines 232--250
\OT1/cmr/m/n/10 and to the very dif-fer-ing ef-fects of ad-di-tive and sub-trac
-tive fluxes on the fre-quency dis- 
 []


Overfull \hbox (2.57129pt too wide) in paragraph at lines 232--250
\OT1/cmr/m/n/10 tri-bu-tions of pond ar-eas (K. Shook et al.[], 2013). Hys-tere
-sis was demon-strated to be a 
 []


Overfull \hbox (7.0157pt too wide) in paragraph at lines 232--250
\OT1/cmr/m/n/10 fea-ture of the re-sponse of depression-dominated hy-dro-log-i-
cal basins, oc-cur-ring be-tween 
 []


Overfull \hbox (6.96019pt too wide) in paragraph at lines 232--250
\OT1/cmr/m/n/10 the up-land runoff and con-se-quent in-flows to a given de-pres
-sion (K. Shook, Pomeroy, & 
 []


Overfull \hbox (26.6546pt too wide) in paragraph at lines 251--272
[]\OT1/cmr/m/n/10 The PCM al-go-rithm was added to the Cold Re-gions Hy-dro-log
-i-cal Mod-elling (CRHM) 
 []


Overfull \hbox (3.09912pt too wide) in paragraph at lines 251--272
\OT1/cmr/m/n/10 plat-form, which is a physically-based model ca-pa-ble of sim-u
-lat-ing Prairie hy-dro-log-i-cal 
 []


Overfull \hbox (6.32124pt too wide) in paragraph at lines 251--272
\OT1/cmr/m/n/10 pro-cesses (Pomeroy et al.[], 2007). The ad-di-tion of the PCM 
was shown to dra-mat-i-cally 
 []


Overfull \hbox (4.12685pt too wide) in paragraph at lines 251--272
\OT1/cmr/m/n/10 im-prove the mod-elled hy-dro-log-i-cal re-sponses of a Prairie
 basin (Pomeroy et al.[], 2014). 
 []


Overfull \hbox (10.98792pt too wide) in paragraph at lines 251--272
\OT1/cmr/m/n/10 How-ever, as was demon-strated by K. R. Shook and Pomeroy (2011
), the sim-u-lated con- 
 []


Overfull \hbox (8.43234pt too wide) in paragraph at lines 251--272
\OT1/cmr/m/n/10 nected frac-tion pro-duced by the PCM de-pends on the num-ber o
f sim-u-lated de-pres-sions 
 []


Overfull \hbox (27.4045pt too wide) in paragraph at lines 251--272
\OT1/cmr/m/n/10 used. When few de-pres-sions are used in a sim-u-la-tions, they
 do not well rep-re-sent the shape 
 []


Overfull \hbox (1.07126pt too wide) in paragraph at lines 251--272
\OT1/cmr/m/n/10 of the connected-fraction curve of a basin with many de-pres-si
ons. Un-for-tu-nately, it is 
 []


Overfull \hbox (0.21014pt too wide) in paragraph at lines 251--272
\OT1/cmr/m/n/10 dif-fi-cult to in-cor-po-rate the very large num-bers of de-pre
s-sions found in a Prairie basin 
 []


Overfull \hbox (5.43237pt too wide) in paragraph at lines 251--272
\OT1/cmr/m/n/10 in a hy-dro-log-i-cal model. Each de-pres-sion has sev-eral pa-
ram-e-ters (area, depth, vol-ume, 
 []


Overfull \hbox (2.76567pt too wide) in paragraph at lines 251--272
\OT1/cmr/m/n/10 shape) which add to the com-plex-ity of the model. Worse, the c
on-nec-tiv-ity of each de- 
 []


Overfull \hbox (5.2656pt too wide) in paragraph at lines 251--272
\OT1/cmr/m/n/10 pres-sion must also be de-ter-mined, which is an oner-ous task.
 In the case of Pomeroy et 
 []


Overfull \hbox (5.87671pt too wide) in paragraph at lines 251--272
\OT1/cmr/m/n/10 al.[] (2014), 46 de-pres-sions were used for each sub-basin mod
-elled, which was too few to 
 []


Overfull \hbox (14.18243pt too wide) in paragraph at lines 251--272
\OT1/cmr/m/n/10 give a good rep-re-sen-ta-tion, but was about all that could be
 man-aged by the model. The 
 []


Overfull \hbox (11.29338pt too wide) in paragraph at lines 251--272
\OT1/cmr/m/n/10 out-flows from the small num-ber of sim-u-lated de-pres-sions w
ere up-scaled to rep-re-sent the 
 []


Overfull \hbox (1.04337pt too wide) in paragraph at lines 273--278
[]\OT1/cmr/m/n/10 Mekonnen et al.[] (2014) de-vel-oped PDM-ROF, which is a very
 sim-ple rep-re-sen-ta- 
 []


Overfull \hbox (3.84904pt too wide) in paragraph at lines 273--278
\OT1/cmr/m/n/10 tion of the con-nected frac-tion of a Prairie basin, and which 
can be eas-ily in-cor-po-rated 
 []


Overfull \hbox (25.29358pt too wide) in paragraph at lines 273--278
\OT1/cmr/m/n/10 in any hy-dro-log-i-cal model. PDM-ROF is based on the PDM mode
l of Moore (2007). PDM- 
 []


Underfull \vbox (badness 10000) has occurred while \output is active []

[3]
Overfull \hbox (10.84894pt too wide) in paragraph at lines 284--289
[]\OT1/cmr/m/n/10 that the de-pres-sions are filled in or-der from small-est to
 largest, and that the con- 
 []


Overfull \hbox (13.62679pt too wide) in paragraph at lines 284--289
\OT1/cmr/m/n/10 tribut-ing frac-tion can there-fore be es-ti-mated by in-te-gra
t-ing the power-law vol-ume 
 []


Overfull \hbox (2.87671pt too wide) in paragraph at lines 289--291
[]\OT1/cmr/m/n/10 that the con-tribut-ing frac-tion de-creases due to wa-ter re
-moval in the same man- 
 []


Overfull \hbox (8.4878pt too wide) in paragraph at lines 295--303
[]\OT1/cmr/m/n/10 Researchers have in-deed demon-strated that the ar-eas of Pra
irie ponds, and there- 
 []


Overfull \hbox (20.72221pt too wide) in paragraph at lines 295--303
\OT1/cmr/m/n/10 fore of the de-pres-sions which con-tain them \OT1/cmr/m/it/10 
ap-prox-i-mate \OT1/cmr/m/n/10 power-law dis-tri-bu-tions, al-though 
 []


Overfull \hbox (6.76575pt too wide) in paragraph at lines 295--303
\OT1/cmr/m/n/10 it has been demon-strated that they are bet-ter ap-prox-i-mated
 by Pareto II dis-tri-bu-tions 
 []


Overfull \hbox (1.93227pt too wide) in paragraph at lines 295--303
\OT1/cmr/m/n/10 []. The re-la-tion-ship be-tween the vol-ume and area of a sin-
gle de-pres-sion was shown by 
 []


Overfull \hbox (17.57138pt too wide) in paragraph at lines 295--303
\OT1/cmr/m/n/10 (Hayashi & van der Kamp, 2000) to ap-prox-i-mate that of a para
boloid. There-fore the fre- 
 []


Overfull \hbox (0.7101pt too wide) in paragraph at lines 295--303
\OT1/cmr/m/n/10 quency dis-tr-bu-tion of the vol-umes of de-pres-sions is not t
he same as that of the ar-eas.  
 []


Overfull \hbox (27.34889pt too wide) in paragraph at lines 304--323
[]\OT1/cmr/m/n/10 The as-sump-tion that de-pres-sions are filled in the or-der 
of their sizes has sev-eral flaws. 
 []


Overfull \hbox (6.34894pt too wide) in paragraph at lines 304--323
\OT1/cmr/m/n/10 The first is that it ig-nores the role of gate-keep-ing in con-
trol-ling flows. The sec-ond flaw 
 []


Overfull \hbox (22.21025pt too wide) in paragraph at lines 304--323
\OT1/cmr/m/n/10 lies with the im-ple-men-ta-tion of the fill-ing. As ex-plained
 by Mekon-nen et al.[] (2014), runoff 
 []


Overfull \hbox (18.29346pt too wide) in paragraph at lines 304--323
\OT1/cmr/m/n/10 gen-er-ated within a land-scape unit is as-signed to the in-te-
grated stor-age vol-ume. The frac- 
 []


Overfull \hbox (15.4879pt too wide) in paragraph at lines 304--323
\OT1/cmr/m/n/10 tion of the stor-age vol-ume which is filled then gen-er-ates r
unoff, the rest of the runoff fill- 
 []


Overfull \hbox (10.73798pt too wide) in paragraph at lines 304--323
\OT1/cmr/m/n/10 ing up the re-main-ing stor-age. The prob-lem with this method-
ol-ogy is that it ig-nores the 
 []


Overfull \hbox (14.04338pt too wide) in paragraph at lines 304--323
\OT1/cmr/m/n/10 ac-tual mech-a-nisms by which de-pres-sions fill. As de-scribed
 above, Prairie de-pres-sions are 
 []


Overfull \hbox (15.07138pt too wide) in paragraph at lines 304--323
\OT1/cmr/m/n/10 filled through a) di-rect pre-cip-i-ta-tion, b) trap-ping of bl
ow-ing snow and c) through runoff. 
 []


Overfull \hbox (6.7656pt too wide) in paragraph at lines 304--323
\OT1/cmr/m/n/10 All three of these mech-a-nisms have very dif-fer-ent con-tribu
t-ing ar-eas. As was shown by 
 []


Overfull \hbox (6.79355pt too wide) in paragraph at lines 304--323
\OT1/cmr/m/n/10 K. Shook et al.[] (2013), the re-la-tion-ship be-tween the basi
ns con-tribut-ing runoff di-rectly 
 []


Overfull \hbox (0.90445pt too wide) in paragraph at lines 304--323
\OT1/cmr/m/n/10 to a Prairie de-pres-sion, and the ar-eas of de-pres-sions, can
 be de-scribed by power-laws, 
 []


Overfull \hbox (15.82123pt too wide) in paragraph at lines 304--323
\OT1/cmr/m/n/10 with ex-po-nents smaller than 1.0. There-fore the rel-a-tive ar
ea drain-ing to a de-pres-sion de- 
 []


Overfull \hbox (2.90465pt too wide) in paragraph at lines 304--323
\OT1/cmr/m/n/10 in-cor-rect runoff area, it can-not prop-erly cal-cu-late the c
on-tribut-ing frac-tion of a basin.  
 []


Overfull \hbox (13.90448pt too wide) in paragraph at lines 324--334
[]\OT1/cmr/m/n/10 The third as-sump-tion is ev-i-denly in-cor-rect. When a set 
of filled de-pres-sions is sub- 
 []


Overfull \hbox (20.4047pt too wide) in paragraph at lines 324--334
\OT1/cmr/m/n/10 jected to sub-trac-tive fluxes (evap-o-ra-tion, in-fil-tra-tion
) they all be-come un-filled. Thus their 
 []


Overfull \hbox (0.29341pt too wide) in paragraph at lines 324--334
\OT1/cmr/m/n/10 in-di-vid-ual, and col-lec-tive, con-nected frac-tions are in-s
tantly zero. As wa-ter is pro-gres- 
 []


Overfull \hbox (13.71016pt too wide) in paragraph at lines 324--334
\OT1/cmr/m/n/10 sively re-moved, ponds will shrink, dis-con-nect and dis-ap-pea
r. There-fore, as was found by 
 []


Overfull \hbox (1.46025pt too wide) in paragraph at lines 324--334
\OT1/cmr/m/n/10 K. R. Shook and Pomeroy (2011) and K. Shook et al.[] (2013), th
e size dis-tri-bu-tions of 
 []


Overfull \hbox (10.26566pt too wide) in paragraph at lines 324--334
\OT1/cmr/m/n/10 pond ar-eas change very dif-fer-ently when adding and re-mov-in
g wa-ter. The pro-cesses are 
 []


Overfull \hbox (9.15446pt too wide) in paragraph at lines 324--334
\OT1/cmr/m/n/10 not re-versible, so there is no way that the con-nected frac-ti
on curves can be of the same 
 []


Underfull \vbox (badness 10000) has occurred while \output is active []

[4]
Overfull \hbox (2.76563pt too wide) in paragraph at lines 335--342
[]\OT1/cmr/m/n/10 Nevertheless, PDM-ROF has been shown to do a good job in sim-
u-lat-ing the con- 
 []


Overfull \hbox (8.34914pt too wide) in paragraph at lines 335--342
\OT1/cmr/m/n/10 tribut-ing frac-tion of a small Prairie basin in a hy-dro-log-i
-cal model (Mengistu & Spence, 
 []


Overfull \hbox (23.6268pt too wide) in paragraph at lines 335--342
\OT1/cmr/m/n/10 2016). It is not-i-ca-ble that it was nec-es-sary to cal-i-brat
e the model pa-ram-e-ters, un-like those 
 []


Overfull \hbox (17.4601pt too wide) in paragraph at lines 335--342
\OT1/cmr/m/n/10 of PCM. The re-quire-ment for cal-i-bra-tion is re-lated to the
 de-fi-cien-cies of PDM-ROF noted 
 []


Overfull \hbox (6.48785pt too wide) in paragraph at lines 335--342
\OT1/cmr/m/n/10 above - were the model based on bet-ter as-sump-tions, its pa-r
am-e-ters might be set from 
 []


Overfull \hbox (26.87682pt too wide) in paragraph at lines 343--354
[]\OT1/cmr/m/n/10 Figure 2 plots the fill-ing and emp-ty-ing curves com-puted u
s-ing WDPM for the St. De- 
 []


Overfull \hbox (11.09901pt too wide) in paragraph at lines 343--354
\OT1/cmr/m/n/10 nis sub-basin above pond 90. The curves com-puted by PDM-ROF, u
s-ing pa-ram-e-ters de- 
 []


Overfull \hbox (19.51572pt too wide) in paragraph at lines 343--354
\OT1/cmr/m/n/10 ter-mined by Mengistu and Spence (2016) are also plot-ted. It i
s no-tice-able that the PDM- 
 []


Overfull \hbox (9.04343pt too wide) in paragraph at lines 343--354
\OT1/cmr/m/n/10 ROF curves are quite sim-i-lar the WDPM fill-ing curve. Mengist
u and Spence (2016) re- 
 []


Overfull \hbox (9.98798pt too wide) in paragraph at lines 343--354
\OT1/cmr/m/n/10 ported that in all of their sim-u-la-tions the con-tribut-ing f
rac-tion of the basin was smaller 
 []


Overfull \hbox (5.71013pt too wide) in paragraph at lines 343--354
\OT1/cmr/m/n/10 than 0.35. In this re-gion, PDM-ROF splits the dif-fer-ence be-
tween the ris-ing and falling 
 []


Overfull \hbox (14.07121pt too wide) in paragraph at lines 343--354
\OT1/cmr/m/n/10 limbs of the WDPM curves. Had the vol-u-met-ric stor-age been g
reater, there would likely 
 []

<figures/SD_above_90_WDPM_PDMROF.pdf, id=30, 361.35pt x 361.35pt>
File: figures/SD_above_90_WDPM_PDMROF.pdf Graphic file (type pdf)
<use figures/SD_above_90_WDPM_PDMROF.pdf>
Package pdftex.def Info: figures/SD_above_90_WDPM_PDMROF.pdf  used on input lin
e 356.
(pdftex.def)             Requested size: 397.48499pt x 397.48624pt.

Underfull \hbox (badness 10000) in paragraph at lines 356--356
[]\OT1/cmr/bx/n/9 Figure  1. \OT1/cmr/m/n/9 Con-nected/contributing frac-tions 
vs. frac-tional vol-ume for WDPM and PDM-ROF,
 []


LaTeX Warning: `h' float specifier changed to `ht'.


Overfull \hbox (23.59892pt too wide) in paragraph at lines 359--369
[]\OT1/cmr/m/n/10 The need to cal-i-brate PDM-ROF is also its great weak-ness. 
In the Cana-dian Prairies, 
 []


Overfull \hbox (9.82118pt too wide) in paragraph at lines 359--369
\OT1/cmr/m/n/10 there are few stream gauges, and con-se-quently stream basins a
re very large. Of the 217 
 []


Overfull \hbox (12.71017pt too wide) in paragraph at lines 359--369
\OT1/cmr/m/n/10 cur-rently ac-tive stream gaug-ing sta-tions within the Cana-di
an Prairies, the me-dian gross 
 []


Overfull \hbox (12.48799pt too wide) in paragraph at lines 359--369
\OT1/cmr/m/n/10 basin area is 573 km$[]$ (mean = 1238 km$[]$). There-fore, any 
stream basin mod-elled in the 
 []


Overfull \hbox (24.79344pt too wide) in paragraph at lines 359--369
\OT1/cmr/m/n/10 Prairies will have very large re-gions which are com-bined to-g
ether for cal-i-brat-ing the PDM- 
 []


Overfull \hbox (14.51567pt too wide) in paragraph at lines 359--369
\OT1/cmr/m/n/10 ROF pa-ram-e-ters. No mat-ter how well the model is dis-tribute
d for its forc-ings, and state 
 []


Overfull \hbox (28.90463pt too wide) in paragraph at lines 370--386
[]\OT1/cmr/m/n/10 The im-pli-ca-tions of the lump-ing are demon-strated by the 
be-haviour of the full St. De- 
 []


Overfull \hbox (4.37679pt too wide) in paragraph at lines 370--386
\OT1/cmr/m/n/10 nis basin. The full basin is dom-i-nated by the pres-ence of a 
large pond near the out-let. 
 []


Overfull \hbox (15.76572pt too wide) in paragraph at lines 370--386
\OT1/cmr/m/n/10 In fact, the basin does not have a tra-di-tional out-let, as it
 has no per-ma-nent stream. The 
 []


Overfull \hbox (5.46007pt too wide) in paragraph at lines 370--386
\OT1/cmr/m/n/10 out-let is sim-ply the low-est point on the basin di-vide - muc
h of the basin lies be-low the 
 []


Overfull \hbox (10.09897pt too wide) in paragraph at lines 370--386
\OT1/cmr/m/n/10 out-let. There-fore St. De-nis basin is en-dorheic, and has nev
er been known to spill in the 
 []


Overfull \hbox (2.26572pt too wide) in paragraph at lines 370--386
\OT1/cmr/m/n/10 pe-riod of mon-i-tor-ing. As demon-strated in , the connected-f
raction curve for St. De-nis 
 []


Overfull \hbox (22.15465pt too wide) in paragraph at lines 370--386
\OT1/cmr/m/n/10 basin is com-pletely dif-fer-ent from that of the sub-basin abo
ve pond 90. Note that as there 
 []


Overfull \hbox (8.2101pt too wide) in paragraph at lines 370--386
\OT1/cmr/m/n/10 have never been any flows recorded from the out-let, it would b
e im-pos-si-ble to cal-i-brate 
 []


Overfull \hbox (5.43231pt too wide) in paragraph at lines 370--386
\OT1/cmr/m/n/10 PDM-ROF for the basin. There-fore, it is not a good prac-tice t
o use a cal-i-brated PDM- 
 []


Overfull \hbox (2.9601pt too wide) in paragraph at lines 370--386
\OT1/cmr/m/n/10 ROF re-la-tion-ship for any other basin, even when it lies en-t
irely within the same land- 
 []


Overfull \hbox (2.18233pt too wide) in paragraph at lines 370--386
\OT1/cmr/m/n/10 form and land use type. As Prairie basins are very large, the u
se of cal-i-brated mod-els 
 []


Overfull \hbox (7.84909pt too wide) in paragraph at lines 370--386
\OT1/cmr/m/n/10 like PDM-ROF will in-vari-ably lump to-gether many dif-fer-ent 
re-gions, with very dif-fer-ent 
 []


Underfull \vbox (badness 10000) has occurred while \output is active []

[5]
Underfull \vbox (badness 10000) has occurred while \output is active []

[6 <./figures/SD_above_90_WDPM_PDMROF.pdf>]
Overfull \hbox (11.45999pt too wide) in paragraph at lines 389--392
[]\OT1/cmr/m/n/10 The over-all ob-jec-tive of this re-search is to de-velop and
 test a new method for sim- 
 []


Overfull \hbox (3.40465pt too wide) in paragraph at lines 389--392
\OT1/cmr/m/n/10 u-lat-ing the vari-able co-nencted/contributing frac-tions of P
rairie basins. The method is 
 []


Overfull \hbox (4.18231pt too wide) in paragraph at lines 395--398
[]\OT1/cmr/m/n/10 It must be generic, able to es-ti-mate the con-nected/contrib
uting frac-tion for any 
 []


Overfull \hbox (16.48778pt too wide) in paragraph at lines 398--401
[]\OT1/cmr/m/n/10 It must be able to sim-u-late the hys-teretic re-la-tion-ship
 be-tween the con-nected frac- 
 []


Overfull \hbox (13.52953pt too wide) in paragraph at lines 401--404
[]\OT1/cmr/m/n/10 It must be able to be pa-ram-e-ter-ized from GIS/remote sens-
ing, with-out use of any 
 []


Overfull \hbox (16.93228pt too wide) in paragraph at lines 410--413
[]\OT1/cmr/m/n/10 The ideal model will there-fore have the generic ca-pac-ity, 
hys-ter-tic re-la-tion-ships and 
 []


Overfull \hbox (3.43234pt too wide) in paragraph at lines 410--413
\OT1/cmr/m/n/10 sim-ple pa-ram-e-ter-i-za-tion of WDPM and PCM, as well as the 
small num-bers of pa-ram- 
 []


Overfull \hbox (10.37674pt too wide) in paragraph at lines 418--420
[]\OT1/cmr/m/n/10 The de-vel-op-ment of the new model is based upon the work of
 ??, which found the 
 []


Overfull \hbox (8.0156pt too wide) in paragraph at lines 423--427
[]\OT1/cmr/m/n/10 When the a basin is small, the sizes, ar-range-ments and lo-c
a-tions of all of the de- 
 []


Overfull \hbox (11.18217pt too wide) in paragraph at lines 427--430
[]\OT1/cmr/m/n/10 As the num-ber of de-pres-sions is in-creased (i.e. when the 
basin is large), the ef-fect 
 []


Overfull \hbox (0.43222pt too wide) in paragraph at lines 430--435
[]\OT1/cmr/m/n/10 When there are large num-bers of de-pres-sions, whose size di
s-tri-bu-tions ap-prox-i- 
 []


Overfull \hbox (16.2379pt too wide) in paragraph at lines 430--435
\OT1/cmr/m/n/10 mate a Pareto II dis-tri-bu-tion (with many more small de-pres-
sions than large ones), 
 []


Overfull \hbox (0.51566pt too wide) in paragraph at lines 430--435
\OT1/cmr/m/n/10 then the spa-tial ar-range-ment of the de-pres-sions is unim-po
r-tant, as gate-keep-ing 
 []


Underfull \vbox (badness 10000) has occurred while \output is active []

[7]
Overfull \hbox (4.29327pt too wide) in paragraph at lines 435--438
[]\OT1/cmr/m/n/10 When there are large num-bers of de-pres-sions, and there is 
a sin-gle large de-pres- 
 []


Overfull \hbox (15.32117pt too wide) in paragraph at lines 435--438
\OT1/cmr/m/n/10 sion, or a few large de-pres-sions, then the lo-ca-tion of the 
large de-pres-sion(s) within 
 []


Overfull \hbox (1.23782pt too wide) in paragraph at lines 440--447
[]\OT1/cmr/m/n/10 In the case of a large num-ber of de-pres-sions with-out a do
m-i-nant de-pres-sion, the 
 []


Overfull \hbox (10.93228pt too wide) in paragraph at lines 440--447
\OT1/cmr/m/n/10 con-nected frac-tion curve is the in-te-grated area of the de-p
res-sions and basins, vs. the in- 
 []


Overfull \hbox (11.23793pt too wide) in paragraph at lines 440--447
\OT1/cmr/m/n/10 te-grated vol-umes. Al-though this may seem to be re-lated to P
DM-ROF, the shape of the 
 []


Overfull \hbox (9.32117pt too wide) in paragraph at lines 440--447
\OT1/cmr/m/n/10 curve is very dif-fer-ent, be-cause a) it specif-i-cally in-clu
des the de-pres-sion basin ar-eas and 
 []


Overfull \hbox (9.26563pt too wide) in paragraph at lines 440--447
\OT1/cmr/m/n/10 b) the de-pres-sions are filled by runoff. The shapes of the ri
s-ing limbs were found to ap- 
 []


Overfull \hbox (3.46pt too wide) in paragraph at lines 450--457
[]\OT1/cmr/m/n/10 The con-cept be-hind the new model is to com-bine the ef-fect
s of the large num-ber 
 []


Overfull \hbox (0.62677pt too wide) in paragraph at lines 450--457
\OT1/cmr/m/n/10 of small de-pres-sions, and the few large de-pres-sions, in a f
lex-i-ble man-ner. The guid-ing 
 []


Overfull \hbox (21.4324pt too wide) in paragraph at lines 450--457
\OT1/cmr/m/n/10 as-sump-tion is that the model will be used in basins large eno
ugh that the spa-tial ar-range- 
 []


Overfull \hbox (5.48795pt too wide) in paragraph at lines 450--457
\OT1/cmr/m/n/10 ment of the small de-pres-sions is not ter-ri-bly im-por-tant. 
From [?] this would ap-pear to 
 []


Overfull \hbox (5.14058pt too wide) in paragraph at lines 450--457
\OT1/cmr/m/n/10 be the case when the num-ber of de-pres-sions, with ar-eas grea
ter than 25 m$[]$, is at least 
 []


Overfull \hbox (6.15446pt too wide) in paragraph at lines 460--479
[]\OT1/cmr/m/n/10 The state of the small de-pres-sions is de-fined by their fra
c-tional de-pres-sional stor- 
 []


Overfull \hbox (2.71016pt too wide) in paragraph at lines 460--479
\OT1/cmr/m/n/10 age and con-nected ar-eas. Fig-ure 3 plots the con-nected frac-
tion com-puted from 10,000 
 []


Overfull \hbox (14.32124pt too wide) in paragraph at lines 460--479
\OT1/cmr/m/n/10 re-al-iza-tions of 1,000 de-pres-sions sim-u-lated from the re-
la-tion-ships de-scribed in []. In each 
 []


Overfull \hbox (5.29346pt too wide) in paragraph at lines 460--479
\OT1/cmr/m/n/10 re-al-iza-tion, the de-pres-sions were filled from their ini-ti
al state, by re-peated ad-di-tions of 
 []


Overfull \hbox (4.65451pt too wide) in paragraph at lines 460--479
\OT1/cmr/m/n/10 wa-ter. In each ad-di-tion, the wa-ter was ap-plied evenly to t
he de-pres-sion, and its basin, 
 []


Overfull \hbox (4.76572pt too wide) in paragraph at lines 460--479
\OT1/cmr/m/n/10 as-sum-ing a runoff co-ef-fi-cient of 1. With each ad-di-tion o
f wa-ter, the con-nected frac-tion 
 []


Overfull \hbox (7.87674pt too wide) in paragraph at lines 460--479
\OT1/cmr/m/n/10 was com-puted based on the as-sump-tion of no gate-keep-ing - e
ach de-pres-sion is as-sumed 
 []


Overfull \hbox (4.48782pt too wide) in paragraph at lines 460--479
\OT1/cmr/m/n/10 to be con-nected di-rectly to a stream chan-nel. The curves in 
Fig-ure 3a rep-re-sent fill-ing 
 []


Overfull \hbox (7.68225pt too wide) in paragraph at lines 460--479
\OT1/cmr/m/n/10 the sim-u-lated de-pres-sions from their be-ing empty. The curv
es in Fig-ure 3b were gen-er- 
 []


Overfull \hbox (11.12682pt too wide) in paragraph at lines 460--479
\OT1/cmr/m/n/10 ated by fill-ing all of the de-pres-sions, and remv-ing 100 mm 
from each. This re-sults in all 
 []


Overfull \hbox (4.23788pt too wide) in paragraph at lines 460--479
\OT1/cmr/m/n/10 of the ponds hav-ing sur-face el-e-va-tions be-ing be-low theie
r basins' out-lets, which causes 
 []


Overfull \hbox (13.01569pt too wide) in paragraph at lines 460--479
\OT1/cmr/m/n/10 the con-nected frac-tion of the basin to be zero. Of course, al
l de-pres-sions with max-i-mum 
 []


Overfull \hbox (9.9601pt too wide) in paragraph at lines 460--479
\OT1/cmr/m/n/10 depths smaller than 100 mm will have their wa-ter depth re-duce
d to zero. Fol-low-ing the 
 []


Overfull \hbox (15.32117pt too wide) in paragraph at lines 460--479
\OT1/cmr/m/n/10 wa-ter re-moval, the sim-u-lated de-pres-sions were then filled
 it-er-at-tively as be-fore. The pro- 
 []


Overfull \hbox (3.9879pt too wide) in paragraph at lines 460--479
\OT1/cmr/m/n/10 cess was re-peated for re-movals of 200 mm and 300 mm, as plot-
ted in Fig-ure 3c and d.  
 []


Underfull \vbox (badness 10000) has occurred while \output is active []

[8]
<figures/all_filling_curves.pdf, id=51, 578.16pt x 578.16pt>
File: figures/all_filling_curves.pdf Graphic file (type pdf)
<use figures/all_filling_curves.pdf>
Package pdftex.def Info: figures/all_filling_curves.pdf  used on input line 481
.
(pdftex.def)             Requested size: 397.48499pt x 397.48402pt.

Underfull \hbox (badness 10000) in paragraph at lines 482--482
[]\OT1/cmr/bx/n/9 Figure  2. \OT1/cmr/m/n/9 Con-nected/contributing frac-tions 
vs. frac-tional vol-ume for 10,000 re-al-iza-tions of
 []


Underfull \hbox (badness 10000) in paragraph at lines 482--482
\OT1/cmr/m/n/9 1,000 de-pres-sions. The re-al-iza-tions are plot-ted in grey, t
he me-dian of all re-al-iza-tions is plott-ted
 []


Overfull \hbox (7.3767pt too wide) in paragraph at lines 485--490
[]\OT1/cmr/m/n/10 Although there is some con-sid-er-able scat-ter among the cur
ves, the me-dian curves 
 []


Overfull \hbox (26.32135pt too wide) in paragraph at lines 485--490
\OT1/cmr/m/n/10 are slightly sig-moidal, ap-prox-i-mat-ing lines. Very sim-i-la
r re-sults were found by K. R. Shook 
 []


Overfull \hbox (24.40463pt too wide) in paragraph at lines 485--490
\OT1/cmr/m/n/10 and Pomeroy (2011) for ap-pli-ca-tions and re-movals of wa-ter 
at Smith Creek Re-search basin 
 []


Overfull \hbox (4.4323pt too wide) in paragraph at lines 491--498
[]\OT1/cmr/m/n/10 It is im-por-tant to note that [] de-mosntrated that the de-g
ree of scat-ter among re- 
 []


Overfull \hbox (8.34909pt too wide) in paragraph at lines 491--498
\OT1/cmr/m/n/10 al-iza-tions of this type is a func-tion of the num-ber of de-p
res-sions be-ing sim-u-lated. Only 
 []


Overfull \hbox (6.58508pt too wide) in paragraph at lines 491--498
\OT1/cmr/m/n/10 1,000 de-pres-sions are used here; [] found over 2000 de-pres-s
ions greater than 25 m$[]$ in a 
 []


Overfull \hbox (19.58513pt too wide) in paragraph at lines 491--498
\OT1/cmr/m/n/10 Prairie basin of only 11 km$[]$. There-fore, in a large basin, 
the de-gree of scat-ter, and there- 
 []

[9 <./figures/all_filling_curves.pdf>]
Overfull \hbox (3.5712pt too wide) in paragraph at lines 499--510
[]\OT1/cmr/m/n/10 The op-er-a-tion of the pro-posed para-met-ric model of the h
ys-ter-tic con-nected frac- 
 []


Overfull \hbox (1.40459pt too wide) in paragraph at lines 499--510
\OT1/cmr/m/n/10 tion is il-lus-trated by the schematic di-a-gram in Fig-ure 4. 
The ini-tial state of the mod- 
 []


Overfull \hbox (28.48798pt too wide) in paragraph at lines 499--510
\OT1/cmr/m/n/10 elled basin (its frac-tional wa-ter vol-ume and con-nected frac
-tion) is plot-ted as point a. When 
 []


Overfull \hbox (10.59906pt too wide) in paragraph at lines 499--510
\OT1/cmr/m/n/10 wa-ter is re-moved from de-pres-sional stor-age, ei-ther by eva
p-o-ra-tion or by in-fil-tra-tion, the 
 []


Overfull \hbox (1.87672pt too wide) in paragraph at lines 499--510
\OT1/cmr/m/n/10 con-nected frac-tion be-comes zero, and the vol-ume is re-duced
, as shown by point b. As 
 []


Overfull \hbox (11.29341pt too wide) in paragraph at lines 499--510
\OT1/cmr/m/n/10 wa-ter is fur-ther re-moved, the con-nected frac-tion re-mains 
at zero, and the frac-tional wa- 
 []


Overfull \hbox (12.46004pt too wide) in paragraph at lines 499--510
\OT1/cmr/m/n/10 ter is re-duced, as is shown by point c. When wa-ter is added, 
the con-nected frac-tion and 
 []


Overfull \hbox (9.90459pt too wide) in paragraph at lines 499--510
\OT1/cmr/m/n/10 frac-tional vol-ume are in-creased, along the tra-jec-tory from
 the cur-rent state (point c) to 
 []

<figures/hysteresis_model.pdf, id=60, 291.6035pt x 303.51491pt>
File: figures/hysteresis_model.pdf Graphic file (type pdf)
<use figures/hysteresis_model.pdf>
Package pdftex.def Info: figures/hysteresis_model.pdf  used on input line 512.
(pdftex.def)             Requested size: 397.48499pt x 413.73346pt.

Underfull \hbox (badness 10000) in paragraph at lines 514--514
[]\OT1/cmr/bx/n/9 Figure  3. \OT1/cmr/m/n/9 Op-er-a-tion of the para-met-ric hy
s-tere-sis model of the states of Prairie basins. The
 []


Underfull \hbox (badness 10000) in paragraph at lines 514--514
\OT1/cmr/m/n/9 orig-i-nal state is shown at point a. Points b through d show th
e ef-fects of re-mov-ing, then adding
 []


LaTeX Warning: `h' float specifier changed to `ht'.


Overfull \hbox (16.29338pt too wide) in paragraph at lines 517--527
[]\OT1/cmr/m/n/10 Such a model is very eas-ily im-ple-mented. All that is re-qu
ired is to store the basin's 
 []


Overfull \hbox (12.18222pt too wide) in paragraph at lines 517--527
\OT1/cmr/m/n/10 state at each in-ter-val. When-ever wa-ter is re-moved, the con
-nected frac-tion is set to zero, 
 []


Overfull \hbox (10.73788pt too wide) in paragraph at lines 517--527
\OT1/cmr/m/n/10 and the vol-u-met-ric stor-age is re-duced as usual. The com-pu
-ta-tion of the con-nected frac- 
 []


Overfull \hbox (4.68233pt too wide) in paragraph at lines 517--527
\OT1/cmr/m/n/10 tion from the tra-jec-tory to (1,1) only takes a few lines of c
ode. Be-cause the con-nected 
 []


Overfull \hbox (1.01566pt too wide) in paragraph at lines 517--527
\OT1/cmr/m/n/10 frac-tion and the vol-u-met-ric stor-age are con-nected, it wou
ld be sim-plest to solve them 
 []


Overfull \hbox (9.51573pt too wide) in paragraph at lines 517--527
\OT1/cmr/m/n/10 it-er-a-tively, by di-vid-ing the ad-di-tions of wa-ter into ve
ry small depths. Since the Prairies 
 []


Overfull \hbox (11.3213pt too wide) in paragraph at lines 517--527
\OT1/cmr/m/n/10 are semi-arid, and hy-dro-log-i-cal mod-els of the re-gion are 
gen-er-ally run on sub-daily time 
 []


Overfull \hbox (10.0149pt too wide) in paragraph at lines 530--540
  \OT1/cmr/m/it/10 2.2.1.1  Wa-ter ar-eas[] \OT1/cmr/m/n/10 The ex-ist-ing phys
ically-based hy-dro-log-i-cal mod-els used for 
 []


Overfull \hbox (10.44617pt too wide) in paragraph at lines 530--540
\OT1/cmr/m/n/10 the Cana-dian Prairies, MESH and CRHM, are based on GRUs and HR
Us, re-spec-tively. 
 []


Overfull \hbox (6.4462pt too wide) in paragraph at lines 530--540
\OT1/cmr/m/n/10 In-cor-po-ra-tion of the param-etic hys-ter-sis model would re-
sult in a sin-gle HRU/GRU be- 
 []


Overfull \hbox (1.40453pt too wide) in paragraph at lines 530--540
\OT1/cmr/m/n/10 ing used to rep-re-sent the wa-ter stor-age. Un-for-tu-nately, 
nei-ther model cur-rently sim-u- 
 []


Overfull \hbox (8.30725pt too wide) in paragraph at lines 530--540
\OT1/cmr/m/n/10 lates the re-la-tion-ship be-tween the vol-ume of wa-ter stored
 in a GRU/HRU and its area, 
 []


Overfull \hbox (30.01588pt too wide) in paragraph at lines 530--540
\OT1/cmr/m/n/10 which is im-por-tant for cal-cu-lat-ing the ac-tual evap-o-ra-t
ion. K. R. Shook and Pomeroy (2011) 
 []


Overfull \hbox (18.18233pt too wide) in paragraph at lines 530--540
\OT1/cmr/m/n/10 showed that the re-la-tion-ship be-tween the frac-tional water-
covered area and the frac-tional 
 []


Overfull \hbox (11.54344pt too wide) in paragraph at lines 541--554
[]\OT1/cmr/m/n/10 Figure 5 plots the frac-tional wa-ter cover (frac-tion of the
 max-i-mum pos-si-ble water- 
 []


Overfull \hbox (4.46017pt too wide) in paragraph at lines 541--554
\OT1/cmr/m/n/10 covered area) vs. the frac-tional de-pres-sional stor-age for s
im-u-lated fill-ing and emp-ty-ing 
 []


Overfull \hbox (8.59906pt too wide) in paragraph at lines 541--554
\OT1/cmr/m/n/10 of a Prairie basin. The blue line plots the me-dian of the fill
-ing curves from an initially- 
 []


Overfull \hbox (8.21013pt too wide) in paragraph at lines 541--554
\OT1/cmr/m/n/10 empty basin, the red line plots the me-dian of the emp-ty-ing c
urves, us-ing the 10,000 re- 
 []


Overfull \hbox (19.87677pt too wide) in paragraph at lines 541--554
\OT1/cmr/m/n/10 al-iza-tions of 1,000 de-pres-sions dis-cussed above. The green
 line plots the re-sult that would 
 []


Overfull \hbox (10.84906pt too wide) in paragraph at lines 541--554
\OT1/cmr/m/n/10 be ex-pected for a sin-gle de-pres-sion us-ing the re-la-tion-s
hip of Hayashi and van der Kamp 
 []


Overfull \hbox (5.12686pt too wide) in paragraph at lines 541--554
\OT1/cmr/m/n/10 (2000), with an ex-po-nent of 3.33. The pur-ple line plots the 
same re-la-tion-ship us-ing an 
 []


Overfull \hbox (31.54344pt too wide) in paragraph at lines 541--554
\OT1/cmr/m/n/10 ex-po-nent of 1.72. The two val-ues were used by Pomeroy et al.
[] (2014) for de-pres-sions greater 
 []


Overfull \hbox (3.61287pt too wide) in paragraph at lines 541--554
\OT1/cmr/m/n/10 than or equal to and smaller than 10,000 m$[]$, re-spec-tively.
 The same val-ues were used 
 []


Underfull \vbox (badness 4266) has occurred while \output is active []

[10]
Underfull \vbox (badness 10000) has occurred while \output is active []

[11 <./figures/hysteresis_model.pdf>]
<figures/filling_emptying_water_areas.pdf, id=75, 361.35pt x 361.35pt>
File: figures/filling_emptying_water_areas.pdf Graphic file (type pdf)
<use figures/filling_emptying_water_areas.pdf>
Package pdftex.def Info: figures/filling_emptying_water_areas.pdf  used on inpu
t line 556.
(pdftex.def)             Requested size: 397.48499pt x 397.48624pt.

Underfull \hbox (badness 10000) in paragraph at lines 558--558
[]\OT1/cmr/bx/n/9 Figure  4. \OT1/cmr/m/n/9 Frac-tion wa-ter cover vs. frac-tio
nal vol-ume for 10,000 re-al-iza-tions of 1,000 de-pres-
 []


Underfull \hbox (badness 10000) in paragraph at lines 558--558
\OT1/cmr/m/n/9 sions. The me-dian ris-ing limb is plot-ted in blue, the me-dian
 falling limb is plot-ted in red. Curves
 []


Underfull \hbox (badness 10000) in paragraph at lines 558--558
\OT1/cmr/m/n/9 for a sin-gle de-pres-sion, based on the Hayashi-van der Kamp eq
ua-tions are plot-ted in green, for p
 []


Overfull \hbox (16.18224pt too wide) in paragraph at lines 561--570
[]\OT1/cmr/m/n/10 The me-dian fill-ing curve lies mi-daway be-tween the sin-gle
 de-pres-sion curves, for val- 
 []


Overfull \hbox (3.29353pt too wide) in paragraph at lines 561--570
\OT1/cmr/m/n/10 ues of the frac-tional de-pres-sional stor-age smaller than abo
ut 0.5, be-com-ing tan-gent to 
 []


Overfull \hbox (2.84894pt too wide) in paragraph at lines 561--570
\OT1/cmr/m/n/10 the p = 3.33 curve. As the de-pres-sions fill roughly in their 
size or-der (also af-fected by 
 []


Overfull \hbox (10.93231pt too wide) in paragraph at lines 561--570
\OT1/cmr/m/n/10 their basin ar-eas), the small ponds are filled first, so the m
deian wa-ter area fill-ing curve 
 []


Overfull \hbox (8.43225pt too wide) in paragraph at lines 561--570
\OT1/cmr/m/n/10 will come to re-sem-ble that of the large de-pres-sions. When t
he de-pres-sions are emp-tied, 
 []


Overfull \hbox (13.54343pt too wide) in paragraph at lines 561--570
\OT1/cmr/m/n/10 the ponds in small de-pres-sions are pro-gres-sively elim-i-ate
d. Thus the emp-ty-ing curve lies 
 []

[12 <./figures/filling_emptying_water_areas.pdf>]
Overfull \hbox (16.01572pt too wide) in paragraph at lines 571--580
[]\OT1/cmr/m/n/10 The orig-i-nal graphs of K. R. Shook and Pomeroy (2011) were 
de-rived from WDPM 
 []


Overfull \hbox (4.34898pt too wide) in paragraph at lines 571--580
\OT1/cmr/m/n/10 sim-u-la-tions at SCRB, and showed a greater de-gree of hys-ter
e-sis than that of Fig-ure 5, 
 []


Overfull \hbox (11.82133pt too wide) in paragraph at lines 571--580
\OT1/cmr/m/n/10 prob-a-bly be-cause of the ac-tual val-ues of the scal-ing ex-p
o-nents be-ing more vari-able than 
 []


Overfull \hbox (18.98778pt too wide) in paragraph at lines 571--580
\OT1/cmr/m/n/10 the val-ues used here. Nev-er-the-less, as the de-gree of hys-t
ere-sis is small, it is prob-a-bly sim- 
 []


Overfull \hbox (11.46008pt too wide) in paragraph at lines 571--580
\OT1/cmr/m/n/10 plest to use the re-la-tion for a sin-gle de-pres-sion, with a 
rel-a-tively small value of the scal- 
 []


Overfull \hbox (8.43234pt too wide) in paragraph at lines 571--580
\OT1/cmr/m/n/10 ing ex-po-nent, to rep-re-sent the wa-ter area within a basin. 
The al-ter-na-tive of de-vel-op-ing 
 []


Overfull \hbox (4.65451pt too wide) in paragraph at lines 583--587
[]\OT1/cmr/m/n/10 While the small de-pres-sions are hys-teretic as a group, the
y do not ex-hibit strong 
 []


Overfull \hbox (12.96005pt too wide) in paragraph at lines 583--587
\OT1/cmr/m/n/10 gate-keep-ing ef-fects. By con-trast, the large de-pres-sions c
an cause gate-keep-ing, the ef-fects 
 []


Overfull \hbox (4.26556pt too wide) in paragraph at lines 588--593
[]\OT1/cmr/m/n/10 As was stated above, mod-els such as MESH and CRHM can sim-u-
late the hy-dro- 
 []


Overfull \hbox (1.8073pt too wide) in paragraph at lines 588--593
\OT1/cmr/m/n/10 log-i-cal pro-cesses af-fect-ing large ponds by mod-elling them
 as GRUs/HRUs. There-fore, 
 []


Overfull \hbox (10.96008pt too wide) in paragraph at lines 588--593
\OT1/cmr/m/n/10 it is fea-si-ble to model at least a few large de-pres-sions, i
f they ex-ist, in a given sub-basin 
 []


Overfull \hbox (0.7656pt too wide) in paragraph at lines 594--610
[]\OT1/cmr/m/n/10 Figure 6 is a schematic di-a-gram of how a basin con-tain-ing
 a sin-gle large de-pres- 
 []


Overfull \hbox (8.40456pt too wide) in paragraph at lines 594--610
\OT1/cmr/m/n/10 sion, and many small ones, might be rep-re-sented. The large de
-pres-sion pond (shown in 
 []


Overfull \hbox (11.23805pt too wide) in paragraph at lines 594--610
\OT1/cmr/m/n/10 blue) would be sub-ject to di-rect pre-cip-i-ta-tion, evap-o-ra
-tion and evap-o-tran-sipra-tion from 
 []


Overfull \hbox (6.37675pt too wide) in paragraph at lines 594--610
\OT1/cmr/m/n/10 the ri-par-ian veg-e-ta-tion, all of which are af-fected by the
 area of the wa-ter, which would 
 []


Overfull \hbox (14.37675pt too wide) in paragraph at lines 594--610
\OT1/cmr/m/n/10 be mod-elled. The large de-pres-sion above the wa-ter sur-face 
(in red), and the basin of the 
 []


Overfull \hbox (15.71011pt too wide) in paragraph at lines 594--610
\OT1/cmr/m/n/10 large de-pres-sion (in yel-low) trap snow and con-tribute sur-f
ace runoffa nd sub-sur-face flows 
 []


Overfull \hbox (6.65459pt too wide) in paragraph at lines 594--610
\OT1/cmr/m/n/10 with-out any fill-and-spill ocur-ring. The grey re-gion rep-re-
sents the frac-tion of the basin 
 []


Overfull \hbox (7.48792pt too wide) in paragraph at lines 594--610
\OT1/cmr/m/n/10 con-trolled by the de-pres-sional stor-age of the small ponds, 
which can be mod-elled us-ing 
 []


Overfull \hbox (12.80731pt too wide) in paragraph at lines 594--610
\OT1/cmr/m/n/10 the para-met-ric hys-tere-sis model. A sin-gle HRU/GRU could be
 used to model the runoff 
 []


Overfull \hbox (16.37677pt too wide) in paragraph at lines 594--610
\OT1/cmr/m/n/10 from this re-gion. How-ever, the dif-fer-ences in the sizes and
 lo-ca-tions of the frac-tion above 
 []


Overfull \hbox (19.01572pt too wide) in paragraph at lines 594--610
\OT1/cmr/m/n/10 and be-low the large de-pres-sion will re-sult in vari-a-tions 
of the tim-ings of stream-flows from 
 []


Underfull \vbox (badness 10000) has occurred while \output is active []

[13] (./NewPrairieModel.bbl
Underfull \hbox (badness 10000) in paragraph at lines 17--34
[]\OT1/cmr/m/n/10 Armstrong, R., Kayter, C., Shook, K., & Hill, H.  (2013).  US
-ING THE WET- 
 []


Underfull \hbox (badness 10000) in paragraph at lines 17--34
\OT1/cmr/m/n/10 LAND DEM POND-ING MODEL AS A DI-AG-NOS-TIC TOOL FOR PRAIRIE 
 []


Underfull \hbox (badness 1748) in paragraph at lines 46--58
[]\OT1/cmr/m/n/10 Christiansen, E.  (1979).  The Wis-con-si-nan deglacia-tion o
f south-ern Saskatchewan 
 []


Underfull \hbox (badness 10000) in paragraph at lines 72--89
[]\OT1/cmr/m/n/10 Hayashi, M., & van der Kamp, G.  (2000, Oc-to-ber).  Sim-ple 
equa-tions to rep- 
 []


Underfull \hbox (badness 10000) in paragraph at lines 72--89
\OT1/cmr/m/n/10 re-sent the vol-ume{area{depth re-la-tions of shal-low wet-land
s in small to- 
 []


Underfull \hbox (badness 10000) in paragraph at lines 72--89
\OT1/cmr/m/n/10 po-graphic de-pres-sions.  \OT1/cmr/m/it/10 Jour-nal of Hy-drol
-ogy\OT1/cmr/m/n/10 , \OT1/cmr/m/it/10 237\OT1/cmr/m/n/10 (1-2), 74-85.  doi: 
 []


Underfull \hbox (badness 10000) in paragraph at lines 101--120
[]\OT1/cmr/m/n/10 Mekonnen, M., Wheater, H., Ire-son, A., Spence, C., Davi-son,
 B., & Pietron-iro, A. 
 []


Underfull \hbox (badness 2990) in paragraph at lines 161--175
[]\OT1/cmr/m/n/10 Moore, R. J.  (2007, Jan-uary).  The PDM rainfall-runoff mode
l.  \OT1/cmr/m/it/10 Hy-drol-ogy and 
 []


Underfull \hbox (badness 4765) in paragraph at lines 161--175
\OT1/cmr/m/it/10 Earth Sys-tem Sci-ences\OT1/cmr/m/n/10 , \OT1/cmr/m/it/10 11\O
T1/cmr/m/n/10 (1), 483-499.  doi: $https :// doi [] .org / 10 [] .5194 / hess [
] -11 [] 
 []


Underfull \hbox (badness 10000) in paragraph at lines 187--208
[]\OT1/cmr/m/n/10 Pomeroy, J. W., Gray, D. M., Brown, T., Hed-strom, N. R., Qui
n-ton, W. L., 
 []


Underfull \hbox (badness 1024) in paragraph at lines 187--208
\OT1/cmr/m/n/10 Granger, R. J., & Carey, S. K.  (2007).  The cold re-gions hy-d
ro-log-i-cal model: 
 []


Underfull \hbox (badness 10000) in paragraph at lines 187--208
\OT1/cmr/m/n/10 A plat-form for bas-ing pro-cess rep-re-sen-ta-tion and model s
truc-ture on phys-i-cal 
 []


Underfull \hbox (badness 10000) in paragraph at lines 220--238
[]\OT1/cmr/m/n/10 Pomeroy, J. W., Shook, K., Fang, X., Du-man-ski, S., West-bro
ok, C., & Brown, T. 
 []


Underfull \hbox (badness 2626) in paragraph at lines 220--238
\OT1/cmr/m/n/10 (2014).  \OT1/cmr/m/it/10 Im-prov-ing and Test-ing the Prairie 
Hy-dro-log-i-cal Model at Smith Creek 
 []


Underfull \hbox (badness 10000) in paragraph at lines 220--238
\OT1/cmr/m/it/10 Re-search Basin \OT1/cmr/m/n/10 (Tech. Rep.[] No.[] 14).  Sask
a-toon, Saskatchewan: Cen-tre for 
 []


Underfull \vbox (badness 10000) has occurred while \output is active []

[14]
Underfull \hbox (badness 10000) in paragraph at lines 278--290
[]\OT1/cmr/m/n/10 Shaw, D. A.  (2009).  \OT1/cmr/m/it/10 The in-flu-ence of con
-tribut-ing area on the hy-drol-ogy of the 
 []


Underfull \hbox (badness 3364) in paragraph at lines 304--320
[]\OT1/cmr/m/n/10 Shaw, D. A., Pietron-iro, A., & Martz, L.  (2012, June).  To-
po-graphic anal-y-sis for 
 []


Underfull \hbox (badness 10000) in paragraph at lines 334--352
\OT1/cmr/m/n/10 of fre-quency dis-tri-bu-tions of win-ter pre-cip-i-ta-tion to 
spring stream-flow prob- 
 []


Underfull \hbox (badness 10000) in paragraph at lines 334--352
\OT1/cmr/m/n/10 a-bil-i-ties in cold re-gions; case stud-ies from the Cana-dian
 Prairies.  \OT1/cmr/m/it/10 Jour-nal of 
 []


Underfull \hbox (badness 10000) in paragraph at lines 367--385
[]\OT1/cmr/m/n/10 Shook, K., Pomeroy, J. W., Spence, C., & Boy-chuk, L.  (2013,
 June).  Stor- 
 []


Underfull \hbox (badness 10000) in paragraph at lines 367--385
\OT1/cmr/m/n/10 age dy-nam-ics sim-u-la-tions in prairie wet-land hy-drol-ogy m
od-els: Eval-u-a-tion 
 []


Underfull \hbox (badness 10000) in paragraph at lines 367--385
\OT1/cmr/m/n/10 and pa-ram-e-ter-i-za-tion.  \OT1/cmr/m/it/10 Hy-dro-log-i-cal 
Pro-cesses\OT1/cmr/m/n/10 , \OT1/cmr/m/it/10 27\OT1/cmr/m/n/10 (13), 1875--1889
.  doi: 
 []


Underfull \hbox (badness 5203) in paragraph at lines 399--414
\OT1/cmr/m/n/10 stor-age in North-ern Prairie hy-drol-ogy.  \OT1/cmr/m/it/10 Hy
-dro-log-i-cal Pro-cesses\OT1/cmr/m/n/10 , \OT1/cmr/m/it/10 25\OT1/cmr/m/n/10 (
25), 3890-- 
 []


Underfull \hbox (badness 1210) in paragraph at lines 428--442
[]\OT1/cmr/m/n/10 Stichling, W., & Black-well, S.  (1957).  DRAINAGE AREA AS A 
HY-DRO-LOGIC 
 []

) [15] (./NewPrairieModel.aux)

LaTeX Font Warning: Size substitutions with differences
(Font)              up to 0.45pt have occurred.

 ) 
Here is how much of TeX's memory you used:
 5195 strings out of 494805
 73789 string characters out of 6178001
 145510 words of memory out of 5000000
 8390 multiletter control sequences out of 15000+600000
 9527 words of font info for 34 fonts, out of 8000000 for 9000
 87 hyphenation exceptions out of 8191
 50i,8n,37p,343b,362s stack positions out of 5000i,500n,10000p,200000b,80000s
</usr/share/texlive/texmf-dist/fonts/type1/public/amsfonts/cm/cmbx10.pfb></us
r/share/texlive/texmf-dist/fonts/type1/public/amsfonts/cm/cmbx12.pfb></usr/shar
e/texlive/texmf-dist/fonts/type1/public/amsfonts/cm/cmbx9.pfb></usr/share/texli
ve/texmf-dist/fonts/type1/public/amsfonts/cm/cmbxti10.pfb></usr/share/texlive/t
exmf-dist/fonts/type1/public/amsfonts/cm/cmmi7.pfb></usr/share/texlive/texmf-di
st/fonts/type1/public/amsfonts/cm/cmr10.pfb></usr/share/texlive/texmf-dist/font
s/type1/public/amsfonts/cm/cmr6.pfb></usr/share/texlive/texmf-dist/fonts/type1/
public/amsfonts/cm/cmr7.pfb></usr/share/texlive/texmf-dist/fonts/type1/public/a
msfonts/cm/cmr8.pfb></usr/share/texlive/texmf-dist/fonts/type1/public/amsfonts/
cm/cmr9.pfb></usr/share/texlive/texmf-dist/fonts/type1/public/amsfonts/cm/cmss8
.pfb></usr/share/texlive/texmf-dist/fonts/type1/public/amsfonts/cm/cmsy5.pfb></
usr/share/texlive/texmf-dist/fonts/type1/public/amsfonts/cm/cmsy6.pfb></usr/sha
re/texlive/texmf-dist/fonts/type1/public/amsfonts/cm/cmsy7.pfb></usr/share/texl
ive/texmf-dist/fonts/type1/public/amsfonts/cm/cmti10.pfb></usr/share/texlive/te
xmf-dist/fonts/type1/public/amsfonts/cm/cmti9.pfb></usr/share/texlive/texmf-dis
t/fonts/type1/public/amsfonts/cm/cmtt9.pfb>
Output written on NewPrairieModel.pdf (15 pages, 1814873 bytes).
PDF statistics:
 149 PDF objects out of 1000 (max. 8388607)
 104 compressed objects within 2 object streams
 0 named destinations out of 1000 (max. 500000)
 21 words of extra memory for PDF output out of 10000 (max. 10000000)

